<?xml version="1.0" encoding="UTF-8"?>
<testng-results ignored="0" total="1" passed="1" failed="0" skipped="0">
  <reporter-output>
  </reporter-output>
  <suite started-at="2022-01-12T12:55:52 IST" name="Default suite" finished-at="2022-01-12T12:55:57 IST" duration-ms="4442">
    <groups>
    </groups>
    <test started-at="2022-01-12T12:55:52 IST" name="Default test" finished-at="2022-01-12T12:55:57 IST" duration-ms="4442">
      <class name="utils.Practice">
        <test-method is-config="true" signature="test1()[pri:0, instance:utils.Practice@618425b5]" started-at="2022-01-12T12:55:52 IST" name="test1" finished-at="2022-01-12T12:55:56 IST" duration-ms="3945" status="PASS">
          <reporter-output>
          </reporter-output>
        </test-method> <!-- test1 -->
        <test-method signature="test2()[pri:0, instance:utils.Practice@618425b5]" started-at="2022-01-12T12:55:56 IST" name="test2" finished-at="2022-01-12T12:55:57 IST" duration-ms="331" status="PASS">
          <reporter-output>
          </reporter-output>
        </test-method> <!-- test2 -->
        <test-method is-config="true" signature="test3()[pri:0, instance:utils.Practice@618425b5]" started-at="2022-01-12T12:55:57 IST" name="test3" finished-at="2022-01-12T12:55:57 IST" duration-ms="0" status="PASS">
          <reporter-output>
          </reporter-output>
        </test-method> <!-- test3 -->
      </class> <!-- utils.Practice -->
    </test> <!-- Default test -->
  </suite> <!-- Default suite -->
</testng-results>
